2026-01-22 13:08:45 - 🤖 BOT AVVIATO
2026-01-22 13:08:45 - Ciclo avviato
2026-01-22 13:09:00 - Ciclo completato con successo
2026-01-22 14:09:00 - Ciclo avviato
2026-01-22 14:09:20 - Ciclo completato con successo
2026-01-22 15:09:20 - Ciclo avviato
2026-01-22 15:09:37 - Ciclo completato con successo
2026-01-22 16:09:37 - Ciclo avviato
2026-01-22 16:09:58 - Ciclo completato con successo
2026-01-22 17:09:59 - Ciclo avviato
2026-01-22 17:10:19 - Ciclo completato con successo
2026-01-22 18:10:19 - Ciclo avviato
2026-01-22 18:10:36 - Ciclo completato con successo
2026-01-22 19:10:37 - Ciclo avviato
2026-01-22 19:10:53 - Ciclo completato con successo
2026-01-22 20:10:53 - Ciclo avviato
2026-01-22 20:11:09 - Ciclo completato con successo
2026-01-22 21:11:09 - Ciclo avviato
2026-01-22 21:11:27 - Ciclo completato con successo
2026-01-22 22:11:27 - Ciclo avviato
2026-01-22 22:11:45 - Ciclo completato con successo
2026-01-22 23:11:46 - Ciclo avviato
2026-01-22 23:11:57 - Ciclo completato con successo
2026-01-23 00:11:57 - Ciclo avviato
2026-01-23 00:12:10 - Ciclo completato con successo
2026-01-23 01:12:10 - Ciclo avviato
2026-01-23 01:12:29 - Ciclo completato con successo
2026-01-23 02:12:29 - Ciclo avviato
2026-01-23 02:12:48 - Ciclo completato con successo
2026-01-23 03:12:48 - Ciclo avviato
2026-01-23 03:13:04 - Ciclo completato con successo
2026-01-23 04:13:04 - Ciclo avviato
2026-01-23 04:13:21 - Ciclo completato con successo
2026-01-23 05:13:21 - Ciclo avviato
2026-01-23 05:13:37 - Ciclo completato con successo
2026-01-23 06:13:38 - Ciclo avviato
2026-01-23 06:13:54 - Ciclo completato con successo
2026-01-23 07:13:54 - Ciclo avviato
2026-01-23 07:14:12 - Ciclo completato con successo
2026-01-23 08:14:12 - Ciclo avviato
2026-01-23 08:14:31 - Ciclo completato con successo
2026-01-23 09:14:31 - Ciclo avviato
2026-01-23 09:14:49 - Ciclo completato con successo
2026-01-23 10:14:49 - Ciclo avviato
2026-01-23 10:15:03 - Ciclo completato con successo
2026-01-23 11:15:03 - Ciclo avviato
2026-01-23 11:15:22 - Ciclo completato con successo
2026-01-25 19:19:43 - 🤖 BOT AVVIATO
2026-01-25 19:19:43 - Ciclo avviato
2026-01-25 19:20:00 - Ciclo completato con successo
2026-01-25 19:48:07 - 🤖 BOT AVVIATO
2026-01-25 19:48:07 - Ciclo avviato
2026-01-25 19:48:23 - Ciclo completato con successo
2026-01-25 20:48:23 - Ciclo avviato
2026-01-25 20:48:41 - Ciclo completato con successo
2026-01-25 21:48:41 - Ciclo avviato
2026-01-25 21:48:56 - Ciclo completato con successo
2026-01-25 22:48:56 - Ciclo avviato
2026-01-25 22:49:10 - Ciclo completato con successo
2026-01-25 23:49:10 - Ciclo avviato
2026-01-25 23:49:28 - Ciclo completato con successo
2026-01-26 00:49:28 - Ciclo avviato
2026-01-26 00:49:44 - Ciclo completato con successo
2026-01-26 01:49:44 - Ciclo avviato
2026-01-26 01:50:01 - Ciclo completato con successo
2026-01-26 02:50:01 - Ciclo avviato
2026-01-26 02:50:26 - Ciclo completato con successo
2026-01-26 03:50:26 - Ciclo avviato
2026-01-26 03:50:44 - Ciclo completato con successo
2026-01-26 04:50:44 - Ciclo avviato
2026-01-26 04:51:05 - Ciclo completato con successo
2026-01-26 05:51:05 - Ciclo avviato
2026-01-26 05:51:20 - Ciclo completato con successo
2026-01-26 06:51:20 - Ciclo avviato
2026-01-26 06:51:36 - Ciclo completato con successo
2026-01-26 07:51:36 - Ciclo avviato
2026-01-26 07:51:56 - Ciclo completato con successo
2026-01-26 08:51:56 - Ciclo avviato
2026-01-26 08:52:15 - Ciclo completato con successo
2026-01-26 09:52:15 - Ciclo avviato
2026-01-26 09:52:30 - Ciclo completato con successo
2026-01-26 10:52:30 - Ciclo avviato
2026-01-26 10:52:44 - Ciclo completato con successo
2026-01-26 11:52:44 - Ciclo avviato
2026-01-26 11:52:59 - Ciclo completato con successo
2026-01-26 12:53:00 - Ciclo avviato
2026-01-26 12:53:15 - Ciclo completato con successo
2026-01-26 13:53:15 - Ciclo avviato
2026-01-26 13:53:35 - Ciclo completato con successo
2026-01-26 14:53:35 - Ciclo avviato
2026-01-26 14:53:47 - Ciclo completato con successo
2026-01-26 15:53:47 - Ciclo avviato
2026-01-26 15:54:07 - Ciclo completato con successo
2026-01-26 16:54:07 - Ciclo avviato
2026-01-26 16:54:28 - Ciclo completato con successo
2026-01-26 17:54:28 - Ciclo avviato
2026-01-26 17:54:44 - Ciclo completato con successo
2026-01-26 18:54:45 - Ciclo avviato
2026-01-26 18:55:02 - Ciclo completato con successo
2026-01-26 19:55:02 - Ciclo avviato
2026-01-26 19:55:21 - Ciclo completato con successo
2026-01-26 20:55:21 - Ciclo avviato
2026-01-26 20:55:44 - Ciclo completato con successo
2026-01-26 21:55:44 - Ciclo avviato
2026-01-26 21:56:00 - Ciclo completato con successo
2026-01-26 22:56:00 - Ciclo avviato
2026-01-26 22:56:16 - Ciclo completato con successo
2026-01-26 23:56:17 - Ciclo avviato
2026-01-26 23:56:27 - Ciclo completato con successo
2026-01-27 00:56:27 - Ciclo avviato
2026-01-27 00:56:42 - Ciclo completato con successo
2026-01-27 01:56:42 - Ciclo avviato
2026-01-27 01:56:58 - Ciclo completato con successo
2026-01-27 02:56:58 - Ciclo avviato
2026-01-27 02:57:08 - Ciclo completato con successo
2026-01-27 03:57:08 - Ciclo avviato
2026-01-27 03:57:19 - Ciclo completato con successo
2026-01-27 04:57:20 - Ciclo avviato
2026-01-27 04:57:33 - Ciclo completato con successo
2026-01-27 05:57:33 - Ciclo avviato
2026-01-27 05:57:48 - Ciclo completato con successo
2026-01-27 06:57:48 - Ciclo avviato
2026-01-27 06:58:03 - Ciclo completato con successo
2026-01-27 07:58:03 - Ciclo avviato
2026-01-27 07:58:15 - Ciclo completato con successo
2026-01-27 08:58:15 - Ciclo avviato
2026-01-27 08:58:31 - Ciclo completato con successo
2026-01-27 09:58:31 - Ciclo avviato
2026-01-27 09:58:48 - Ciclo completato con successo
2026-01-27 10:58:48 - Ciclo avviato
2026-01-27 10:59:04 - Ciclo completato con successo
2026-01-27 11:59:04 - Ciclo avviato
2026-01-27 11:59:22 - Ciclo completato con successo
2026-01-27 12:59:22 - Ciclo avviato
2026-01-27 12:59:36 - Ciclo completato con successo
2026-01-27 13:59:37 - Ciclo avviato
2026-01-27 13:59:52 - Ciclo completato con successo
2026-01-27 14:59:52 - Ciclo avviato
2026-01-27 15:00:09 - Ciclo completato con successo
2026-01-27 16:00:09 - Ciclo avviato
2026-01-27 16:00:34 - Ciclo completato con successo
2026-01-27 17:00:34 - Ciclo avviato
2026-01-27 17:00:49 - Ciclo completato con successo
2026-01-27 18:00:50 - Ciclo avviato
2026-01-27 18:01:12 - Ciclo completato con successo
2026-01-27 19:01:12 - Ciclo avviato
2026-01-27 19:01:31 - Ciclo completato con successo
2026-01-27 20:01:31 - Ciclo avviato
2026-01-27 20:01:48 - Ciclo completato con successo
2026-01-27 21:01:48 - Ciclo avviato
2026-01-27 21:02:02 - Ciclo completato con successo
2026-01-27 22:02:02 - Ciclo avviato
2026-01-27 22:02:34 - Ciclo completato con successo
2026-01-27 23:02:35 - Ciclo avviato
2026-01-27 23:02:53 - Ciclo completato con successo
2026-01-28 00:02:53 - Ciclo avviato
2026-01-28 00:03:12 - Ciclo completato con successo
2026-01-28 01:03:12 - Ciclo avviato
2026-01-28 01:03:38 - Ciclo completato con successo
2026-01-28 02:03:38 - Ciclo avviato
2026-01-28 02:03:56 - Ciclo completato con successo
2026-01-28 03:03:56 - Ciclo avviato
2026-01-28 03:04:08 - Ciclo completato con successo
2026-01-28 04:04:08 - Ciclo avviato
2026-01-28 04:04:22 - Ciclo completato con successo
2026-01-28 05:04:22 - Ciclo avviato
2026-01-28 05:04:34 - Ciclo completato con successo
2026-01-28 06:04:34 - Ciclo avviato
2026-01-28 06:04:46 - Ciclo completato con successo
2026-01-28 07:04:46 - Ciclo avviato
2026-01-28 07:05:05 - Ciclo completato con successo
2026-01-28 08:05:05 - Ciclo avviato
2026-01-28 08:05:23 - Ciclo completato con successo
2026-01-28 09:05:23 - Ciclo avviato
2026-01-28 09:05:37 - Ciclo completato con successo
2026-01-28 10:05:37 - Ciclo avviato
2026-01-28 10:05:56 - Ciclo completato con successo
2026-01-28 11:05:56 - Ciclo avviato
2026-01-28 11:06:17 - Ciclo completato con successo
2026-01-28 12:06:17 - Ciclo avviato
2026-01-28 12:06:38 - Ciclo completato con successo
2026-01-28 13:06:38 - Ciclo avviato
2026-01-28 13:06:58 - Ciclo completato con successo
2026-01-28 13:28:37 - 🛑 Bot fermato dall'utente
2026-01-28 13:31:37 - 🤖 BOT AVVIATO
2026-01-28 13:31:37 - Ciclo avviato
2026-01-28 13:31:54 - ❌ Errore critico nel ciclo: TradingBotV4.open_position() takes 3 positional arguments but 7 were given
2026-01-28 14:31:54 - Ciclo avviato
2026-01-28 14:32:16 - ❌ Errore critico nel ciclo: TradingBotV4.open_position() takes 3 positional arguments but 7 were given
2026-01-28 15:32:16 - Ciclo avviato
2026-01-28 15:32:36 - Ciclo completato con successo
2026-01-28 16:32:36 - Ciclo avviato
2026-01-28 16:33:00 - Ciclo completato con successo
2026-01-28 17:33:00 - Ciclo avviato
2026-01-28 17:33:19 - Ciclo completato con successo
2026-01-28 18:33:20 - Ciclo avviato
2026-01-28 18:33:38 - Ciclo completato con successo
2026-01-28 19:07:00 - 🛑 Bot fermato dall'utente
2026-01-28 19:07:25 - 🤖 BOT AVVIATO
2026-01-28 19:07:25 - Ciclo avviato
2026-01-28 19:07:37 - Ciclo completato con successo
2026-01-28 19:12:43 - 🛑 Bot fermato dall'utente
2026-01-28 19:13:06 - 🤖 BOT AVVIATO
2026-01-28 19:13:06 - Ciclo avviato
2026-01-28 19:13:19 - Ciclo completato con successo
2026-01-28 19:28:19 - Ciclo avviato
2026-01-28 19:28:33 - Ciclo completato con successo
2026-01-28 19:43:33 - Ciclo avviato
2026-01-28 19:43:48 - Ciclo completato con successo
2026-01-28 19:58:48 - Ciclo avviato
2026-01-28 19:58:59 - Ciclo completato con successo
2026-01-28 20:13:59 - Ciclo avviato
2026-01-28 20:14:18 - Ciclo completato con successo
2026-01-28 20:29:18 - Ciclo avviato
2026-01-28 20:29:30 - Ciclo completato con successo
2026-01-28 20:44:30 - Ciclo avviato
2026-01-28 20:44:46 - Ciclo completato con successo
2026-01-28 20:59:46 - Ciclo avviato
2026-01-28 21:00:06 - Ciclo completato con successo
2026-01-28 21:15:06 - Ciclo avviato
2026-01-28 21:15:21 - Ciclo completato con successo
2026-01-28 21:30:21 - Ciclo avviato
2026-01-28 21:30:35 - Ciclo completato con successo
2026-01-28 21:45:35 - Ciclo avviato
2026-01-28 21:45:48 - Ciclo completato con successo
2026-01-28 22:00:48 - Ciclo avviato
2026-01-28 22:01:26 - Ciclo completato con successo
2026-01-28 22:16:26 - Ciclo avviato
2026-01-28 22:16:41 - Ciclo completato con successo
2026-01-28 22:31:41 - Ciclo avviato
2026-01-28 22:32:01 - Ciclo completato con successo
2026-01-28 22:47:01 - Ciclo avviato
2026-01-28 22:47:20 - Ciclo completato con successo
2026-01-28 23:02:21 - Ciclo avviato
2026-01-28 23:02:39 - Ciclo completato con successo
2026-01-28 23:17:39 - Ciclo avviato
2026-01-28 23:17:52 - Ciclo completato con successo
2026-01-28 23:32:52 - Ciclo avviato
2026-01-28 23:33:09 - Ciclo completato con successo
2026-01-28 23:48:09 - Ciclo avviato
2026-01-28 23:48:24 - Ciclo completato con successo
2026-01-29 00:03:24 - Ciclo avviato
2026-01-29 00:03:40 - Ciclo completato con successo
2026-01-29 00:18:40 - Ciclo avviato
2026-01-29 00:18:55 - Ciclo completato con successo
2026-01-29 00:33:55 - Ciclo avviato
2026-01-29 00:34:11 - Ciclo completato con successo
2026-01-29 00:49:11 - Ciclo avviato
2026-01-29 00:49:24 - Ciclo completato con successo
2026-01-29 01:04:24 - Ciclo avviato
2026-01-29 01:04:42 - Ciclo completato con successo
2026-01-29 01:19:42 - Ciclo avviato
2026-01-29 01:19:55 - Ciclo completato con successo
2026-01-29 01:34:55 - Ciclo avviato
2026-01-29 01:35:09 - Ciclo completato con successo
2026-01-29 01:50:09 - Ciclo avviato
2026-01-29 01:50:26 - Ciclo completato con successo
2026-01-29 02:05:26 - Ciclo avviato
2026-01-29 02:05:42 - Ciclo completato con successo
2026-01-29 02:20:42 - Ciclo avviato
2026-01-29 02:20:57 - Ciclo completato con successo
2026-01-29 02:35:57 - Ciclo avviato
2026-01-29 02:36:14 - Ciclo completato con successo
2026-01-29 02:51:14 - Ciclo avviato
2026-01-29 02:51:25 - Ciclo completato con successo
2026-01-29 03:06:25 - Ciclo avviato
2026-01-29 03:06:38 - Ciclo completato con successo
2026-01-29 03:21:38 - Ciclo avviato
2026-01-29 03:21:54 - Ciclo completato con successo
2026-01-29 03:36:54 - Ciclo avviato
2026-01-29 03:37:08 - Ciclo completato con successo
2026-01-29 03:52:08 - Ciclo avviato
2026-01-29 03:52:25 - Ciclo completato con successo
2026-01-29 04:07:25 - Ciclo avviato
2026-01-29 04:07:35 - Ciclo completato con successo
2026-01-29 04:22:35 - Ciclo avviato
2026-01-29 04:22:51 - Ciclo completato con successo
2026-01-29 04:37:51 - Ciclo avviato
2026-01-29 04:38:08 - Ciclo completato con successo
2026-01-29 04:53:08 - Ciclo avviato
2026-01-29 04:53:23 - Ciclo completato con successo
2026-01-29 05:08:23 - Ciclo avviato
2026-01-29 05:08:38 - Ciclo completato con successo
2026-01-29 05:23:38 - Ciclo avviato
2026-01-29 05:23:53 - Ciclo completato con successo
2026-01-29 05:38:53 - Ciclo avviato
2026-01-29 05:39:10 - Ciclo completato con successo
2026-01-29 05:54:10 - Ciclo avviato
2026-01-29 05:54:25 - Ciclo completato con successo
2026-01-29 06:09:25 - Ciclo avviato
2026-01-29 06:09:37 - Ciclo completato con successo
2026-01-29 06:24:37 - Ciclo avviato
2026-01-29 06:24:54 - Ciclo completato con successo
2026-01-29 06:39:54 - Ciclo avviato
2026-01-29 06:40:07 - Ciclo completato con successo
2026-01-29 06:55:07 - Ciclo avviato
2026-01-29 06:55:19 - Ciclo completato con successo
2026-01-29 07:10:19 - Ciclo avviato
2026-01-29 07:10:34 - Ciclo completato con successo
2026-01-29 07:25:34 - Ciclo avviato
2026-01-29 07:25:45 - Ciclo completato con successo
2026-01-29 07:40:45 - Ciclo avviato
2026-01-29 07:40:58 - Ciclo completato con successo
2026-01-29 07:55:58 - Ciclo avviato
2026-01-29 07:56:15 - Ciclo completato con successo
2026-01-29 08:11:15 - Ciclo avviato
2026-01-29 08:11:32 - Ciclo completato con successo
2026-01-29 08:26:32 - Ciclo avviato
2026-01-29 08:26:49 - Ciclo completato con successo
2026-01-29 08:41:49 - Ciclo avviato
2026-01-29 08:42:07 - Ciclo completato con successo
2026-01-29 08:57:07 - Ciclo avviato
2026-01-29 08:57:22 - Ciclo completato con successo
2026-01-29 09:12:22 - Ciclo avviato
2026-01-29 09:12:33 - Ciclo completato con successo
2026-01-29 09:27:33 - Ciclo avviato
2026-01-29 09:27:47 - Ciclo completato con successo
2026-01-29 09:42:47 - Ciclo avviato
2026-01-29 09:43:04 - Ciclo completato con successo
2026-01-29 09:58:04 - Ciclo avviato
2026-01-29 09:58:20 - Ciclo completato con successo
2026-01-29 10:13:20 - Ciclo avviato
2026-01-29 10:13:36 - Ciclo completato con successo
2026-01-29 10:28:36 - Ciclo avviato
2026-01-29 10:28:52 - Ciclo completato con successo
2026-01-29 10:43:52 - Ciclo avviato
2026-01-29 10:44:11 - Ciclo completato con successo
2026-01-29 10:59:11 - Ciclo avviato
2026-01-29 10:59:25 - Ciclo completato con successo
2026-01-29 11:14:25 - Ciclo avviato
2026-01-29 11:14:37 - Ciclo completato con successo
2026-01-29 11:29:37 - Ciclo avviato
2026-01-29 11:29:53 - Ciclo completato con successo
2026-01-29 11:44:53 - Ciclo avviato
2026-01-29 11:45:04 - Ciclo completato con successo
2026-01-29 12:00:04 - Ciclo avviato
2026-01-29 12:00:30 - Ciclo completato con successo
2026-01-29 12:15:30 - Ciclo avviato
2026-01-29 12:15:45 - Ciclo completato con successo
2026-01-29 12:30:45 - Ciclo avviato
2026-01-29 12:31:05 - Ciclo completato con successo
2026-01-29 12:46:05 - Ciclo avviato
2026-01-29 12:46:23 - Ciclo completato con successo
2026-01-29 13:01:23 - Ciclo avviato
2026-01-29 13:01:38 - Ciclo completato con successo
2026-01-29 13:16:38 - Ciclo avviato
2026-01-29 13:16:56 - Ciclo completato con successo
2026-01-29 13:31:56 - Ciclo avviato
2026-01-29 13:32:14 - Ciclo completato con successo
2026-01-29 13:47:14 - Ciclo avviato
2026-01-29 13:47:30 - Ciclo completato con successo
2026-01-29 14:02:30 - Ciclo avviato
2026-01-29 14:02:53 - Ciclo completato con successo
2026-01-29 14:17:53 - Ciclo avviato
2026-01-29 14:18:13 - Ciclo completato con successo
2026-01-29 14:33:13 - Ciclo avviato
2026-01-29 14:33:33 - Ciclo completato con successo
2026-01-29 14:48:33 - Ciclo avviato
2026-01-29 14:48:50 - Ciclo completato con successo
2026-01-29 15:03:50 - Ciclo avviato
2026-01-29 15:04:13 - Ciclo completato con successo
2026-01-29 15:19:13 - Ciclo avviato
2026-01-29 15:19:32 - Ciclo completato con successo
2026-01-29 15:34:32 - Ciclo avviato
2026-01-29 15:34:52 - Ciclo completato con successo
2026-01-29 15:49:52 - Ciclo avviato
2026-01-29 15:50:10 - Ciclo completato con successo
2026-01-29 16:05:10 - Ciclo avviato
2026-01-29 16:05:25 - Ciclo completato con successo
2026-01-29 16:08:36 - 🛑 Bot fermato dall'utente
2026-01-29 17:57:08 - 🤖 BOT AVVIATO
2026-01-29 17:57:08 - Ciclo avviato
2026-01-29 17:57:27 - Ciclo completato con successo
2026-01-29 17:57:43 - 🛑 Bot fermato dall'utente
2026-01-29 17:58:12 - 🤖 BOT AVVIATO
2026-01-29 17:58:12 - Ciclo avviato
2026-01-29 17:58:29 - Ciclo completato con successo
2026-01-29 18:13:29 - Ciclo avviato
2026-01-29 18:13:52 - Ciclo completato con successo
2026-01-29 18:28:52 - Ciclo avviato
2026-01-29 18:29:08 - Ciclo completato con successo
2026-01-29 18:44:08 - Ciclo avviato
2026-01-29 18:44:24 - Ciclo completato con successo
2026-01-29 18:59:24 - Ciclo avviato
2026-01-29 18:59:43 - Ciclo completato con successo
2026-01-29 19:14:43 - Ciclo avviato
2026-01-29 19:15:06 - Ciclo completato con successo
2026-01-29 19:30:06 - Ciclo avviato
2026-01-29 19:30:26 - Ciclo completato con successo
2026-01-29 19:45:26 - Ciclo avviato
2026-01-29 19:45:47 - Ciclo completato con successo
2026-01-29 20:00:47 - Ciclo avviato
2026-01-29 20:00:59 - Ciclo completato con successo
2026-01-29 20:15:59 - Ciclo avviato
2026-01-29 20:16:15 - Ciclo completato con successo
2026-01-29 20:31:15 - Ciclo avviato
2026-01-29 20:31:30 - Ciclo completato con successo
2026-01-29 20:46:30 - Ciclo avviato
2026-01-29 20:46:45 - Ciclo completato con successo
2026-01-29 21:01:45 - Ciclo avviato
2026-01-29 21:02:02 - Ciclo completato con successo
2026-01-29 21:17:02 - Ciclo avviato
2026-01-29 21:17:18 - Ciclo completato con successo
2026-01-29 21:32:18 - Ciclo avviato
2026-01-29 21:32:32 - Ciclo completato con successo
2026-01-29 21:47:32 - Ciclo avviato
2026-01-29 21:47:47 - Ciclo completato con successo
2026-01-29 22:02:47 - Ciclo avviato
2026-01-29 22:02:59 - Ciclo completato con successo
2026-01-29 22:17:59 - Ciclo avviato
2026-01-29 22:18:11 - Ciclo completato con successo
2026-01-29 22:33:11 - Ciclo avviato
2026-01-29 22:33:32 - Ciclo completato con successo
2026-01-29 22:48:32 - Ciclo avviato
2026-01-29 22:48:47 - Ciclo completato con successo
2026-01-29 23:03:47 - Ciclo avviato
2026-01-29 23:03:59 - Ciclo completato con successo
2026-01-29 23:18:59 - Ciclo avviato
2026-01-29 23:19:14 - Ciclo completato con successo
2026-01-29 23:34:14 - Ciclo avviato
2026-01-29 23:34:29 - Ciclo completato con successo
2026-01-29 23:49:29 - Ciclo avviato
2026-01-29 23:49:44 - Ciclo completato con successo
2026-01-30 00:04:44 - Ciclo avviato
2026-01-30 00:05:02 - Ciclo completato con successo
2026-01-30 00:20:02 - Ciclo avviato
2026-01-30 00:20:21 - Ciclo completato con successo
2026-01-30 00:35:21 - Ciclo avviato
2026-01-30 00:35:33 - Ciclo completato con successo
2026-01-30 00:50:33 - Ciclo avviato
2026-01-30 00:50:52 - Ciclo completato con successo
2026-01-30 01:05:52 - Ciclo avviato
2026-01-30 01:06:11 - Ciclo completato con successo
2026-01-30 01:21:11 - Ciclo avviato
2026-01-30 01:21:27 - Ciclo completato con successo
2026-01-30 01:36:27 - Ciclo avviato
2026-01-30 01:36:42 - Ciclo completato con successo
2026-01-30 01:51:42 - Ciclo avviato
2026-01-30 01:51:59 - Ciclo completato con successo
2026-01-30 02:06:59 - Ciclo avviato
2026-01-30 02:07:14 - Ciclo completato con successo
2026-01-30 02:22:14 - Ciclo avviato
2026-01-30 02:22:25 - Ciclo completato con successo
2026-01-30 02:37:25 - Ciclo avviato
2026-01-30 02:37:39 - Ciclo completato con successo
2026-01-30 02:52:39 - Ciclo avviato
2026-01-30 02:52:50 - Ciclo completato con successo
2026-01-30 03:07:50 - Ciclo avviato
2026-01-30 03:08:03 - Ciclo completato con successo
2026-01-30 03:23:03 - Ciclo avviato
2026-01-30 03:23:13 - Ciclo completato con successo
2026-01-30 03:38:13 - Ciclo avviato
2026-01-30 03:38:29 - Ciclo completato con successo
2026-01-30 03:53:29 - Ciclo avviato
2026-01-30 03:53:44 - Ciclo completato con successo
2026-01-30 04:08:44 - Ciclo avviato
2026-01-30 04:08:56 - Ciclo completato con successo
2026-01-30 04:23:56 - Ciclo avviato
2026-01-30 04:24:14 - Ciclo completato con successo
2026-01-30 04:39:14 - Ciclo avviato
2026-01-30 04:39:36 - Ciclo completato con successo
2026-01-30 04:54:36 - Ciclo avviato
2026-01-30 04:54:50 - Ciclo completato con successo
2026-01-30 05:09:50 - Ciclo avviato
2026-01-30 05:10:02 - Ciclo completato con successo
2026-01-30 05:25:02 - Ciclo avviato
2026-01-30 05:25:17 - Ciclo completato con successo
2026-01-30 05:40:17 - Ciclo avviato
2026-01-30 05:40:27 - Ciclo completato con successo
2026-01-30 05:55:27 - Ciclo avviato
2026-01-30 05:55:36 - Ciclo completato con successo
2026-01-30 06:10:36 - Ciclo avviato
2026-01-30 06:10:55 - Ciclo completato con successo
2026-01-30 06:25:55 - Ciclo avviato
2026-01-30 06:26:04 - Ciclo completato con successo
2026-01-30 06:41:04 - Ciclo avviato
2026-01-30 06:41:17 - Ciclo completato con successo
2026-01-30 06:56:17 - Ciclo avviato
2026-01-30 06:56:30 - Ciclo completato con successo
2026-01-30 07:11:30 - Ciclo avviato
2026-01-30 07:11:46 - Ciclo completato con successo
2026-01-30 07:26:46 - Ciclo avviato
2026-01-30 07:27:07 - Ciclo completato con successo
2026-01-30 07:42:07 - Ciclo avviato
2026-01-30 07:42:24 - Ciclo completato con successo
2026-01-30 07:57:24 - Ciclo avviato
2026-01-30 07:57:37 - Ciclo completato con successo
2026-01-30 08:12:37 - Ciclo avviato
2026-01-30 08:12:47 - Ciclo completato con successo
2026-01-30 08:27:47 - Ciclo avviato
2026-01-30 08:28:03 - Ciclo completato con successo
2026-01-30 08:43:03 - Ciclo avviato
2026-01-30 08:43:17 - Ciclo completato con successo
2026-01-30 08:58:17 - Ciclo avviato
2026-01-30 08:58:31 - Ciclo completato con successo
2026-01-30 09:13:31 - Ciclo avviato
2026-01-30 09:13:44 - Ciclo completato con successo
2026-01-30 09:28:44 - Ciclo avviato
2026-01-30 09:29:01 - Ciclo completato con successo
2026-01-30 09:44:01 - Ciclo avviato
2026-01-30 09:44:19 - Ciclo completato con successo
2026-01-30 09:59:19 - Ciclo avviato
2026-01-30 09:59:29 - Ciclo completato con successo
2026-01-30 10:14:29 - Ciclo avviato
2026-01-30 10:14:50 - Ciclo completato con successo
2026-01-30 10:29:50 - Ciclo avviato
2026-01-30 10:30:15 - Ciclo completato con successo
2026-01-30 10:45:15 - Ciclo avviato
2026-01-30 10:45:32 - Ciclo completato con successo
2026-01-30 11:00:32 - Ciclo avviato
2026-01-30 11:00:46 - Ciclo completato con successo
2026-01-30 11:15:46 - Ciclo avviato
2026-01-30 11:16:04 - Ciclo completato con successo
